<?xml version="1.0" encoding="UTF-8"?>
<!-- Generated by org.testng.reporters.JUnitXMLReporter -->
<testsuite hostname="LAPTOP-NPUH3IM2" ignored="0" name="Default test" tests="14" failures="0" timestamp="2021-11-30T18:44:48 IST" time="185.281" errors="0">
  <testcase name="session" time="27.207" classname="com.testng.Testng_Run"/>
  <testcase name="women" time="10.345" classname="com.testng.Testng_Run"/>
  <testcase name="dresses" time="14.03" classname="com.testng.Testng_Run"/>
  <testcase name="casual" time="14.384" classname="com.testng.Testng_Run"/>
  <testcase name="printed" time="16.607" classname="com.testng.Testng_Run"/>
  <testcase name="quantity" time="3.23" classname="com.testng.Testng_Run"/>
  <testcase name="cart" time="0.176" classname="com.testng.Testng_Run"/>
  <testcase name="proceed" time="31.595" classname="com.testng.Testng_Run"/>
  <testcase name="email" time="0.238" classname="com.testng.Testng_Run"/>
  <testcase name="createAcc" time="0.112" classname="com.testng.Testng_Run"/>
  <testcase name="sign_In" time="38.707" classname="com.testng.Testng_Run"/>
  <testcase name="proceed_To" time="15.861" classname="com.testng.Testng_Run"/>
  <testcase name="cgv" time="0.104" classname="com.testng.Testng_Run"/>
  <testcase name="final_proceed" time="12.546" classname="com.testng.Testng_Run"/>
</testsuite> <!-- Default test -->
